<?xml version="1.0" encoding="UTF-8"?>
<testsuite name="RoleTest" tests="1" skipped="0" failures="0" errors="0" timestamp="2020-11-22T21:28:31" hostname="SAFOUANE" time="0.002">
  <properties/>
  <testcase name="testHashCode" classname="RoleTest" time="0.002"/>
  <system-out><![CDATA[]]></system-out>
  <system-err><![CDATA[]]></system-err>
</testsuite>
