<?xml version="1.0" encoding="UTF-8"?>
<testsuite name="RolesTest" tests="2" skipped="0" failures="0" errors="0" timestamp="2020-11-22T19:34:19" hostname="SAFOUANE" time="0.005">
  <properties/>
  <testcase name="testRoles" classname="RolesTest" time="0.003"/>
  <testcase name="testContains" classname="RolesTest" time="0.002"/>
  <system-out><![CDATA[]]></system-out>
  <system-err><![CDATA[]]></system-err>
</testsuite>
