<?xml version="1.0" encoding="UTF-8"?>
<testsuite name="RoleTermTest" tests="3" skipped="0" failures="0" errors="0" timestamp="2020-11-23T03:40:59" hostname="SAFOUANE" time="0.006">
  <properties/>
  <testcase name="testToString" classname="RoleTermTest" time="0.004"/>
  <testcase name="testRoleTerm" classname="RoleTermTest" time="0.0"/>
  <testcase name="testToPredicate" classname="RoleTermTest" time="0.001"/>
  <system-out><![CDATA[]]></system-out>
  <system-err><![CDATA[]]></system-err>
</testsuite>
