<?xml version="1.0" encoding="UTF-8"?>
<testsuite name="RolesTest" tests="2" skipped="0" failures="0" errors="0" timestamp="2020-11-23T03:40:59" hostname="SAFOUANE" time="0.006">
  <properties/>
  <testcase name="testRoles" classname="RolesTest" time="0.004"/>
  <testcase name="testContains" classname="RolesTest" time="0.002"/>
  <system-out><![CDATA[]]></system-out>
  <system-err><![CDATA[]]></system-err>
</testsuite>
