<?xml version="1.0" encoding="UTF-8"?>
<testsuite name="RoleTest" tests="5" skipped="0" failures="0" errors="0" timestamp="2020-11-22T18:12:27" hostname="SAFOUANE" time="0.004">
  <properties/>
  <testcase name="testNameNull" classname="RoleTest" time="0.002"/>
  <testcase name="testNameSpaced" classname="RoleTest" time="0.0"/>
  <testcase name="testName" classname="RoleTest" time="0.001"/>
  <testcase name="testNameBlank" classname="RoleTest" time="0.0"/>
  <testcase name="testNameEmpty" classname="RoleTest" time="0.001"/>
  <system-out><![CDATA[]]></system-out>
  <system-err><![CDATA[]]></system-err>
</testsuite>
